[debug] [2026-03-10T19:48:43.008Z] ----------------------------------------------------------------------
[debug] [2026-03-10T19:48:43.010Z] Command:       /Users/onurozcan/.nvm/versions/node/v24.1.0/bin/node /Users/onurozcan/.nvm/versions/node/v24.1.0/bin/firebase init hosting --project ugc-supply
[debug] [2026-03-10T19:48:43.010Z] CLI Version:   15.1.0
[debug] [2026-03-10T19:48:43.010Z] Platform:      darwin
[debug] [2026-03-10T19:48:43.010Z] Node Version:  v24.1.0
[debug] [2026-03-10T19:48:43.010Z] Time:          Tue Mar 10 2026 22:48:43 GMT+0300 (GMT+03:00)
[debug] [2026-03-10T19:48:43.010Z] ----------------------------------------------------------------------
[debug] 
[debug] [2026-03-10T19:48:43.011Z] >>> [apiv2][query] GET https://firebase-public.firebaseio.com/cli.json [none]
[info] 
     ######## #### ########  ######## ########     ###     ######  ########
     ##        ##  ##     ## ##       ##     ##  ##   ##  ##       ##
     ######    ##  ########  ######   ########  #########  ######  ######
     ##        ##  ##    ##  ##       ##     ## ##     ##       ## ##
     ##       #### ##     ## ######## ########  ##     ##  ######  ########

You're about to initialize a Firebase project in this directory:

  /Users/onurozcan/CascadeProjects/ugc-studio

[info] 
=== Project Setup
[info] 
[info] First, let's associate this project directory with a Firebase project.
[info] You can create multiple project aliases by running firebase use --add, 
[info] 
[debug] [2026-03-10T19:48:43.700Z] > command requires scopes: ["email","openid","https://www.googleapis.com/auth/cloudplatformprojects.readonly","https://www.googleapis.com/auth/firebase","https://www.googleapis.com/auth/cloud-platform"]
[debug] [2026-03-10T19:48:43.700Z] > authorizing via signed-in user (o@pf1.net)
[debug] [2026-03-10T19:48:43.700Z] Checked if tokens are valid: false, expires at: 1773022641554
[debug] [2026-03-10T19:48:43.700Z] Checked if tokens are valid: false, expires at: 1773022641554
[debug] [2026-03-10T19:48:43.700Z] > refreshing access token with scopes: []
[debug] [2026-03-10T19:48:43.701Z] >>> [apiv2][query] POST https://www.googleapis.com/oauth2/v3/token [none]
[debug] [2026-03-10T19:48:43.701Z] >>> [apiv2][body] POST https://www.googleapis.com/oauth2/v3/token [omitted]
[debug] [2026-03-10T19:48:44.217Z] <<< [apiv2][status] POST https://www.googleapis.com/oauth2/v3/token 200
[debug] [2026-03-10T19:48:44.217Z] <<< [apiv2][body] POST https://www.googleapis.com/oauth2/v3/token [omitted]
[debug] [2026-03-10T19:48:44.228Z] >>> [apiv2][query] GET https://firebase.googleapis.com/v1beta1/projects/ugc-supply [none]
[debug] [2026-03-10T19:48:44.252Z] <<< [apiv2][status] GET https://firebase-public.firebaseio.com/cli.json 200
[debug] [2026-03-10T19:48:44.252Z] <<< [apiv2][body] GET https://firebase-public.firebaseio.com/cli.json {"cloudBuildErrorAfter":1594252800000,"cloudBuildWarnAfter":1590019200000,"defaultNode10After":1594252800000,"minVersion":"3.0.5","node8DeploysDisabledAfter":1613390400000,"node8RuntimeDisabledAfter":1615809600000,"node8WarnAfter":1600128000000}
[debug] [2026-03-10T19:48:44.759Z] <<< [apiv2][status] GET https://firebase.googleapis.com/v1beta1/projects/ugc-supply 200
[debug] [2026-03-10T19:48:44.759Z] <<< [apiv2][body] GET https://firebase.googleapis.com/v1beta1/projects/ugc-supply {"projectId":"ugc-supply","projectNumber":"229423328981","displayName":"ugc-supply","name":"projects/ugc-supply","resources":{"hostingSite":"ugc-supply"},"state":"ACTIVE","etag":"1_09240813-8377-4a95-8cdb-c7d131bb8c06"}
[info] i  Using project ugc-supply (ugc-supply) . 
[info] 
=== Hosting Setup
[debug] [2026-03-10T19:48:44.767Z] Checked if tokens are valid: true, expires at: 1773175723217
[debug] [2026-03-10T19:48:44.767Z] Checked if tokens are valid: true, expires at: 1773175723217
[debug] [2026-03-10T19:48:44.767Z] >>> [apiv2][query] GET https://firebase.googleapis.com/v1beta1/projects/ugc-supply [none]
[debug] [2026-03-10T19:48:45.035Z] <<< [apiv2][status] GET https://firebase.googleapis.com/v1beta1/projects/ugc-supply 200
[debug] [2026-03-10T19:48:45.035Z] <<< [apiv2][body] GET https://firebase.googleapis.com/v1beta1/projects/ugc-supply {"projectId":"ugc-supply","projectNumber":"229423328981","displayName":"ugc-supply","name":"projects/ugc-supply","resources":{"hostingSite":"ugc-supply"},"state":"ACTIVE","etag":"1_09240813-8377-4a95-8cdb-c7d131bb8c06"}
[info] 
[info] Your public directory is the folder (relative to your project directory) that
[info] will contain Hosting assets to be uploaded with firebase deploy. If you
[info] have a build process for your assets, use your build's output directory.
[info] 
[debug] [2026-03-10T19:49:01.640Z] ExitPromptError: User force closed the prompt with SIGINT
    at Interface.sigint (/Users/onurozcan/.nvm/versions/node/v24.1.0/lib/node_modules/firebase-tools/node_modules/@inquirer/core/dist/commonjs/lib/create-prompt.js:101:37)
    at Interface.emit (node:events:507:28)
    at [_ttyWrite] [as _ttyWrite] (node:internal/readline/interface:1381:18)
    at ReadStream.onkeypress (node:internal/readline/interface:297:20)
    at ReadStream.emit (node:events:519:35)
    at emitKeys (node:internal/readline/utils:371:14)
    at emitKeys.next (<anonymous>)
    at ReadStream.onData (node:internal/readline/emitKeypressEvents:64:36)
    at ReadStream.emit (node:events:507:28)
    at addChunk (node:internal/streams/readable:559:12)
[error] 
[error] Error: An unexpected error has occurred.
